{"C:/dev/front-pokedex/src/main.tsx": {"path":"C:/dev/front-pokedex/src/main.tsx","statementMap":{"0":{"start":{"line":19,"column":2},"end":{"line":22,"column":null}},"1":{"start":{"line":20,"column":23},"end":{"line":20,"column":null}},"2":{"start":{"line":21,"column":4},"end":{"line":21,"column":null}},"3":{"start":{"line":23,"column":20},"end":{"line":23,"column":null}},"4":{"start":{"line":25,"column":2},"end":{"line":44,"column":null}},"5":{"start":{"line":47,"column":0},"end":{"line":47,"column":null}}},"fnMap":{"0":{"name":"init","decl":{"start":{"line":17,"column":15},"end":{"line":17,"column":22}},"loc":{"start":{"line":17,"column":22},"end":{"line":45,"column":null}}}},"branchMap":{"0":{"loc":{"start":{"line":19,"column":2},"end":{"line":22,"column":null}},"type":"if","locations":[{"start":{"line":19,"column":2},"end":{"line":22,"column":null}},{"start":{},"end":{}}]}},"s":{"0":0,"1":0,"2":0,"3":0,"4":0,"5":0},"f":{"0":0},"b":{"0":[0,0]}}
,"C:/dev/front-pokedex/src/api/auth.tsx": {"path":"C:/dev/front-pokedex/src/api/auth.tsx","statementMap":{"0":{"start":{"line":5,"column":25},"end":{"line":20,"column":null}},"1":{"start":{"line":6,"column":2},"end":{"line":6,"column":null}},"2":{"start":{"line":8,"column":2},"end":{"line":19,"column":null}},"3":{"start":{"line":9,"column":21},"end":{"line":12,"column":null}},"4":{"start":{"line":14,"column":4},"end":{"line":14,"column":null}},"5":{"start":{"line":15,"column":4},"end":{"line":15,"column":null}},"6":{"start":{"line":17,"column":4},"end":{"line":17,"column":null}},"7":{"start":{"line":18,"column":4},"end":{"line":18,"column":null}},"8":{"start":{"line":22,"column":23},"end":{"line":38,"column":null}},"9":{"start":{"line":23,"column":2},"end":{"line":23,"column":null}},"10":{"start":{"line":25,"column":2},"end":{"line":37,"column":null}},"11":{"start":{"line":26,"column":21},"end":{"line":30,"column":null}},"12":{"start":{"line":32,"column":4},"end":{"line":32,"column":null}},"13":{"start":{"line":33,"column":4},"end":{"line":33,"column":null}},"14":{"start":{"line":35,"column":4},"end":{"line":35,"column":null}},"15":{"start":{"line":36,"column":4},"end":{"line":36,"column":null}}},"fnMap":{"0":{"name":"(anonymous_0)","decl":{"start":{"line":5,"column":25},"end":{"line":5,"column":32}},"loc":{"start":{"line":5,"column":68},"end":{"line":20,"column":null}}},"1":{"name":"(anonymous_1)","decl":{"start":{"line":22,"column":23},"end":{"line":22,"column":30}},"loc":{"start":{"line":22,"column":63},"end":{"line":38,"column":null}}}},"branchMap":{},"s":{"0":1,"1":0,"2":0,"3":0,"4":0,"5":0,"6":0,"7":0,"8":1,"9":0,"10":0,"11":0,"12":0,"13":0,"14":0,"15":0},"f":{"0":0,"1":0},"b":{}}
,"C:/dev/front-pokedex/src/api/client.tsx": {"path":"C:/dev/front-pokedex/src/api/client.tsx","statementMap":{"0":{"start":{"line":3,"column":12},"end":{"line":5,"column":null}},"1":{"start":{"line":8,"column":0},"end":{"line":21,"column":null}},"2":{"start":{"line":10,"column":18},"end":{"line":10,"column":null}},"3":{"start":{"line":11,"column":4},"end":{"line":14,"column":null}},"4":{"start":{"line":12,"column":6},"end":{"line":12,"column":null}},"5":{"start":{"line":13,"column":6},"end":{"line":13,"column":null}},"6":{"start":{"line":15,"column":4},"end":{"line":15,"column":null}},"7":{"start":{"line":18,"column":4},"end":{"line":18,"column":null}},"8":{"start":{"line":19,"column":4},"end":{"line":19,"column":null}},"9":{"start":{"line":24,"column":0},"end":{"line":39,"column":null}},"10":{"start":{"line":26,"column":4},"end":{"line":26,"column":null}},"11":{"start":{"line":27,"column":4},"end":{"line":27,"column":null}},"12":{"start":{"line":30,"column":4},"end":{"line":30,"column":null}},"13":{"start":{"line":32,"column":4},"end":{"line":35,"column":null}},"14":{"start":{"line":33,"column":6},"end":{"line":33,"column":null}},"15":{"start":{"line":34,"column":6},"end":{"line":34,"column":null}},"16":{"start":{"line":37,"column":4},"end":{"line":37,"column":null}}},"fnMap":{"0":{"name":"(anonymous_0)","decl":{"start":{"line":9,"column":2},"end":{"line":9,"column":3}},"loc":{"start":{"line":9,"column":14},"end":{"line":16,"column":null}}},"1":{"name":"(anonymous_1)","decl":{"start":{"line":17,"column":2},"end":{"line":17,"column":3}},"loc":{"start":{"line":17,"column":13},"end":{"line":20,"column":null}}},"2":{"name":"(anonymous_2)","decl":{"start":{"line":25,"column":2},"end":{"line":25,"column":3}},"loc":{"start":{"line":25,"column":16},"end":{"line":28,"column":null}}},"3":{"name":"(anonymous_3)","decl":{"start":{"line":29,"column":2},"end":{"line":29,"column":3}},"loc":{"start":{"line":29,"column":13},"end":{"line":38,"column":null}}}},"branchMap":{"0":{"loc":{"start":{"line":4,"column":11},"end":{"line":4,"column":null}},"type":"binary-expr","locations":[{"start":{"line":4,"column":11},"end":{"line":4,"column":43}},{"start":{"line":4,"column":43},"end":{"line":4,"column":null}}]},"1":{"loc":{"start":{"line":11,"column":4},"end":{"line":14,"column":null}},"type":"if","locations":[{"start":{"line":11,"column":4},"end":{"line":14,"column":null}},{"start":{},"end":{}}]},"2":{"loc":{"start":{"line":32,"column":4},"end":{"line":35,"column":null}},"type":"if","locations":[{"start":{"line":32,"column":4},"end":{"line":35,"column":null}},{"start":{},"end":{}}]}},"s":{"0":1,"1":1,"2":0,"3":0,"4":0,"5":0,"6":0,"7":0,"8":0,"9":1,"10":0,"11":0,"12":0,"13":0,"14":0,"15":0,"16":0},"f":{"0":0,"1":0,"2":0,"3":0},"b":{"0":[1,0],"1":[0,0],"2":[0,0]}}
,"C:/dev/front-pokedex/src/api/pokemon.api.tsx": {"path":"C:/dev/front-pokedex/src/api/pokemon.api.tsx","statementMap":{"0":{"start":{"line":3,"column":29},"end":{"line":7,"column":null}},"1":{"start":{"line":4,"column":14},"end":{"line":4,"column":null}},"2":{"start":{"line":5,"column":2},"end":{"line":5,"column":null}},"3":{"start":{"line":5,"column":45},"end":{"line":5,"column":null}},"4":{"start":{"line":6,"column":2},"end":{"line":6,"column":null}},"5":{"start":{"line":9,"column":32},"end":{"line":14,"column":null}},"6":{"start":{"line":10,"column":15},"end":{"line":10,"column":null}},"7":{"start":{"line":11,"column":14},"end":{"line":11,"column":null}},"8":{"start":{"line":12,"column":2},"end":{"line":12,"column":null}},"9":{"start":{"line":12,"column":45},"end":{"line":12,"column":null}},"10":{"start":{"line":13,"column":2},"end":{"line":13,"column":null}},"11":{"start":{"line":16,"column":34},"end":{"line":20,"column":null}},"12":{"start":{"line":17,"column":14},"end":{"line":17,"column":null}},"13":{"start":{"line":18,"column":2},"end":{"line":18,"column":null}},"14":{"start":{"line":18,"column":45},"end":{"line":18,"column":null}},"15":{"start":{"line":19,"column":2},"end":{"line":19,"column":null}},"16":{"start":{"line":22,"column":35},"end":{"line":26,"column":null}},"17":{"start":{"line":23,"column":14},"end":{"line":23,"column":null}},"18":{"start":{"line":24,"column":2},"end":{"line":24,"column":null}},"19":{"start":{"line":24,"column":45},"end":{"line":24,"column":null}},"20":{"start":{"line":25,"column":2},"end":{"line":25,"column":null}}},"fnMap":{"0":{"name":"(anonymous_0)","decl":{"start":{"line":3,"column":29},"end":{"line":3,"column":36}},"loc":{"start":{"line":3,"column":89},"end":{"line":7,"column":null}}},"1":{"name":"(anonymous_1)","decl":{"start":{"line":9,"column":32},"end":{"line":9,"column":39}},"loc":{"start":{"line":9,"column":54},"end":{"line":14,"column":null}}},"2":{"name":"(anonymous_2)","decl":{"start":{"line":16,"column":34},"end":{"line":16,"column":41}},"loc":{"start":{"line":16,"column":58},"end":{"line":20,"column":null}}},"3":{"name":"(anonymous_3)","decl":{"start":{"line":22,"column":35},"end":{"line":22,"column":47}},"loc":{"start":{"line":22,"column":47},"end":{"line":26,"column":null}}}},"branchMap":{"0":{"loc":{"start":{"line":5,"column":2},"end":{"line":5,"column":null}},"type":"if","locations":[{"start":{"line":5,"column":2},"end":{"line":5,"column":null}},{"start":{},"end":{}}]},"1":{"loc":{"start":{"line":5,"column":6},"end":{"line":5,"column":45}},"type":"binary-expr","locations":[{"start":{"line":5,"column":6},"end":{"line":5,"column":26}},{"start":{"line":5,"column":26},"end":{"line":5,"column":45}}]},"2":{"loc":{"start":{"line":12,"column":2},"end":{"line":12,"column":null}},"type":"if","locations":[{"start":{"line":12,"column":2},"end":{"line":12,"column":null}},{"start":{},"end":{}}]},"3":{"loc":{"start":{"line":12,"column":6},"end":{"line":12,"column":45}},"type":"binary-expr","locations":[{"start":{"line":12,"column":6},"end":{"line":12,"column":26}},{"start":{"line":12,"column":26},"end":{"line":12,"column":45}}]},"4":{"loc":{"start":{"line":18,"column":2},"end":{"line":18,"column":null}},"type":"if","locations":[{"start":{"line":18,"column":2},"end":{"line":18,"column":null}},{"start":{},"end":{}}]},"5":{"loc":{"start":{"line":18,"column":6},"end":{"line":18,"column":45}},"type":"binary-expr","locations":[{"start":{"line":18,"column":6},"end":{"line":18,"column":26}},{"start":{"line":18,"column":26},"end":{"line":18,"column":45}}]},"6":{"loc":{"start":{"line":24,"column":2},"end":{"line":24,"column":null}},"type":"if","locations":[{"start":{"line":24,"column":2},"end":{"line":24,"column":null}},{"start":{},"end":{}}]},"7":{"loc":{"start":{"line":24,"column":6},"end":{"line":24,"column":45}},"type":"binary-expr","locations":[{"start":{"line":24,"column":6},"end":{"line":24,"column":26}},{"start":{"line":24,"column":26},"end":{"line":24,"column":45}}]}},"s":{"0":0,"1":0,"2":0,"3":0,"4":0,"5":0,"6":0,"7":0,"8":0,"9":0,"10":0,"11":0,"12":0,"13":0,"14":0,"15":0,"16":0,"17":0,"18":0,"19":0,"20":0},"f":{"0":0,"1":0,"2":0,"3":0},"b":{"0":[0,0],"1":[0,0],"2":[0,0],"3":[0,0],"4":[0,0],"5":[0,0],"6":[0,0],"7":[0,0]}}
,"C:/dev/front-pokedex/src/api/user.api.tsx": {"path":"C:/dev/front-pokedex/src/api/user.api.tsx","statementMap":{"0":{"start":{"line":3,"column":32},"end":{"line":8,"column":null}},"1":{"start":{"line":4,"column":14},"end":{"line":4,"column":null}},"2":{"start":{"line":5,"column":2},"end":{"line":5,"column":null}},"3":{"start":{"line":6,"column":2},"end":{"line":6,"column":null}},"4":{"start":{"line":6,"column":45},"end":{"line":6,"column":null}},"5":{"start":{"line":7,"column":2},"end":{"line":7,"column":null}},"6":{"start":{"line":10,"column":29},"end":{"line":15,"column":null}},"7":{"start":{"line":11,"column":14},"end":{"line":11,"column":null}},"8":{"start":{"line":12,"column":2},"end":{"line":12,"column":null}},"9":{"start":{"line":13,"column":2},"end":{"line":13,"column":null}},"10":{"start":{"line":13,"column":45},"end":{"line":13,"column":null}},"11":{"start":{"line":14,"column":2},"end":{"line":14,"column":null}},"12":{"start":{"line":17,"column":32},"end":{"line":22,"column":null}},"13":{"start":{"line":18,"column":14},"end":{"line":18,"column":null}},"14":{"start":{"line":19,"column":2},"end":{"line":19,"column":null}},"15":{"start":{"line":20,"column":2},"end":{"line":20,"column":null}},"16":{"start":{"line":20,"column":45},"end":{"line":20,"column":null}},"17":{"start":{"line":21,"column":2},"end":{"line":21,"column":null}}},"fnMap":{"0":{"name":"(anonymous_0)","decl":{"start":{"line":3,"column":32},"end":{"line":3,"column":39}},"loc":{"start":{"line":3,"column":92},"end":{"line":8,"column":null}}},"1":{"name":"(anonymous_1)","decl":{"start":{"line":10,"column":29},"end":{"line":10,"column":36}},"loc":{"start":{"line":10,"column":58},"end":{"line":15,"column":null}}},"2":{"name":"(anonymous_2)","decl":{"start":{"line":17,"column":32},"end":{"line":17,"column":39}},"loc":{"start":{"line":17,"column":61},"end":{"line":22,"column":null}}}},"branchMap":{"0":{"loc":{"start":{"line":6,"column":2},"end":{"line":6,"column":null}},"type":"if","locations":[{"start":{"line":6,"column":2},"end":{"line":6,"column":null}},{"start":{},"end":{}}]},"1":{"loc":{"start":{"line":6,"column":6},"end":{"line":6,"column":45}},"type":"binary-expr","locations":[{"start":{"line":6,"column":6},"end":{"line":6,"column":26}},{"start":{"line":6,"column":26},"end":{"line":6,"column":45}}]},"2":{"loc":{"start":{"line":13,"column":2},"end":{"line":13,"column":null}},"type":"if","locations":[{"start":{"line":13,"column":2},"end":{"line":13,"column":null}},{"start":{},"end":{}}]},"3":{"loc":{"start":{"line":13,"column":6},"end":{"line":13,"column":45}},"type":"binary-expr","locations":[{"start":{"line":13,"column":6},"end":{"line":13,"column":26}},{"start":{"line":13,"column":26},"end":{"line":13,"column":45}}]},"4":{"loc":{"start":{"line":20,"column":2},"end":{"line":20,"column":null}},"type":"if","locations":[{"start":{"line":20,"column":2},"end":{"line":20,"column":null}},{"start":{},"end":{}}]},"5":{"loc":{"start":{"line":20,"column":6},"end":{"line":20,"column":45}},"type":"binary-expr","locations":[{"start":{"line":20,"column":6},"end":{"line":20,"column":26}},{"start":{"line":20,"column":26},"end":{"line":20,"column":45}}]}},"s":{"0":0,"1":0,"2":0,"3":0,"4":0,"5":0,"6":0,"7":0,"8":0,"9":0,"10":0,"11":0,"12":0,"13":0,"14":0,"15":0,"16":0,"17":0},"f":{"0":0,"1":0,"2":0},"b":{"0":[0,0],"1":[0,0],"2":[0,0],"3":[0,0],"4":[0,0],"5":[0,0]}}
,"C:/dev/front-pokedex/src/auth/AuthContext.tsx": {"path":"C:/dev/front-pokedex/src/auth/AuthContext.tsx","statementMap":{"0":{"start":{"line":5,"column":20},"end":{"line":5,"column":null}},"1":{"start":{"line":11,"column":28},"end":{"line":156,"column":null}},"2":{"start":{"line":12,"column":26},"end":{"line":12,"column":null}},"3":{"start":{"line":13,"column":28},"end":{"line":13,"column":null}},"4":{"start":{"line":14,"column":36},"end":{"line":14,"column":null}},"5":{"start":{"line":15,"column":44},"end":{"line":15,"column":null}},"6":{"start":{"line":17,"column":2},"end":{"line":85,"column":null}},"7":{"start":{"line":18,"column":21},"end":{"line":68,"column":null}},"8":{"start":{"line":19,"column":6},"end":{"line":19,"column":null}},"9":{"start":{"line":20,"column":6},"end":{"line":20,"column":null}},"10":{"start":{"line":21,"column":6},"end":{"line":21,"column":null}},"11":{"start":{"line":23,"column":6},"end":{"line":67,"column":null}},"12":{"start":{"line":24,"column":27},"end":{"line":24,"column":null}},"13":{"start":{"line":25,"column":8},"end":{"line":25,"column":null}},"14":{"start":{"line":27,"column":8},"end":{"line":60,"column":null}},"15":{"start":{"line":28,"column":10},"end":{"line":28,"column":null}},"16":{"start":{"line":30,"column":10},"end":{"line":57,"column":null}},"17":{"start":{"line":31,"column":29},"end":{"line":31,"column":null}},"18":{"start":{"line":32,"column":12},"end":{"line":32,"column":null}},"19":{"start":{"line":34,"column":12},"end":{"line":34,"column":null}},"20":{"start":{"line":35,"column":12},"end":{"line":35,"column":null}},"21":{"start":{"line":36,"column":12},"end":{"line":36,"column":null}},"22":{"start":{"line":38,"column":12},"end":{"line":38,"column":null}},"23":{"start":{"line":41,"column":12},"end":{"line":52,"column":null}},"24":{"start":{"line":50,"column":14},"end":{"line":50,"column":null}},"25":{"start":{"line":51,"column":14},"end":{"line":51,"column":null}},"26":{"start":{"line":54,"column":12},"end":{"line":54,"column":null}},"27":{"start":{"line":55,"column":12},"end":{"line":55,"column":null}},"28":{"start":{"line":56,"column":12},"end":{"line":56,"column":null}},"29":{"start":{"line":59,"column":10},"end":{"line":59,"column":null}},"30":{"start":{"line":62,"column":8},"end":{"line":62,"column":null}},"31":{"start":{"line":64,"column":8},"end":{"line":64,"column":null}},"32":{"start":{"line":65,"column":8},"end":{"line":65,"column":null}},"33":{"start":{"line":66,"column":8},"end":{"line":66,"column":null}},"34":{"start":{"line":71,"column":29},"end":{"line":76,"column":null}},"35":{"start":{"line":72,"column":6},"end":{"line":72,"column":null}},"36":{"start":{"line":73,"column":6},"end":{"line":73,"column":null}},"37":{"start":{"line":74,"column":6},"end":{"line":74,"column":null}},"38":{"start":{"line":75,"column":6},"end":{"line":75,"column":null}},"39":{"start":{"line":78,"column":4},"end":{"line":78,"column":null}},"40":{"start":{"line":80,"column":4},"end":{"line":80,"column":null}},"41":{"start":{"line":82,"column":4},"end":{"line":84,"column":null}},"42":{"start":{"line":83,"column":6},"end":{"line":83,"column":null}},"43":{"start":{"line":87,"column":16},"end":{"line":116,"column":null}},"44":{"start":{"line":88,"column":4},"end":{"line":88,"column":null}},"45":{"start":{"line":89,"column":4},"end":{"line":115,"column":null}},"46":{"start":{"line":90,"column":6},"end":{"line":90,"column":null}},"47":{"start":{"line":91,"column":23},"end":{"line":91,"column":null}},"48":{"start":{"line":92,"column":57},"end":{"line":92,"column":null}},"49":{"start":{"line":94,"column":6},"end":{"line":94,"column":null}},"50":{"start":{"line":95,"column":6},"end":{"line":95,"column":null}},"51":{"start":{"line":96,"column":6},"end":{"line":96,"column":null}},"52":{"start":{"line":99,"column":6},"end":{"line":99,"column":null}},"53":{"start":{"line":100,"column":6},"end":{"line":100,"column":null}},"54":{"start":{"line":103,"column":25},"end":{"line":103,"column":null}},"55":{"start":{"line":104,"column":6},"end":{"line":104,"column":null}},"56":{"start":{"line":106,"column":6},"end":{"line":106,"column":null}},"57":{"start":{"line":107,"column":6},"end":{"line":107,"column":null}},"58":{"start":{"line":108,"column":6},"end":{"line":108,"column":null}},"59":{"start":{"line":111,"column":6},"end":{"line":111,"column":null}},"60":{"start":{"line":112,"column":6},"end":{"line":112,"column":null}},"61":{"start":{"line":114,"column":6},"end":{"line":114,"column":null}},"62":{"start":{"line":118,"column":17},"end":{"line":126,"column":null}},"63":{"start":{"line":119,"column":4},"end":{"line":119,"column":null}},"64":{"start":{"line":120,"column":4},"end":{"line":120,"column":null}},"65":{"start":{"line":121,"column":4},"end":{"line":121,"column":null}},"66":{"start":{"line":122,"column":4},"end":{"line":122,"column":null}},"67":{"start":{"line":123,"column":4},"end":{"line":123,"column":null}},"68":{"start":{"line":124,"column":4},"end":{"line":124,"column":null}},"69":{"start":{"line":125,"column":4},"end":{"line":125,"column":null}},"70":{"start":{"line":128,"column":26},"end":{"line":128,"column":null}},"71":{"start":{"line":131,"column":2},"end":{"line":142,"column":null}},"72":{"start":{"line":132,"column":4},"end":{"line":140,"column":null}},"73":{"start":{"line":144,"column":2},"end":{"line":154,"column":null}},"74":{"start":{"line":158,"column":30},"end":{"line":164,"column":null}},"75":{"start":{"line":159,"column":18},"end":{"line":159,"column":null}},"76":{"start":{"line":160,"column":2},"end":{"line":162,"column":null}},"77":{"start":{"line":161,"column":4},"end":{"line":161,"column":null}},"78":{"start":{"line":163,"column":2},"end":{"line":163,"column":null}}},"fnMap":{"0":{"name":"(anonymous_0)","decl":{"start":{"line":11,"column":28},"end":{"line":11,"column":29}},"loc":{"start":{"line":11,"column":65},"end":{"line":156,"column":null}}},"1":{"name":"(anonymous_1)","decl":{"start":{"line":17,"column":12},"end":{"line":17,"column":18}},"loc":{"start":{"line":17,"column":18},"end":{"line":85,"column":5}}},"2":{"name":"(anonymous_2)","decl":{"start":{"line":18,"column":21},"end":{"line":18,"column":33}},"loc":{"start":{"line":18,"column":33},"end":{"line":68,"column":null}}},"3":{"name":"(anonymous_3)","decl":{"start":{"line":71,"column":29},"end":{"line":71,"column":35}},"loc":{"start":{"line":71,"column":35},"end":{"line":76,"column":null}}},"4":{"name":"(anonymous_4)","decl":{"start":{"line":82,"column":11},"end":{"line":82,"column":17}},"loc":{"start":{"line":82,"column":17},"end":{"line":84,"column":null}}},"5":{"name":"(anonymous_5)","decl":{"start":{"line":87,"column":16},"end":{"line":87,"column":23}},"loc":{"start":{"line":87,"column":72},"end":{"line":116,"column":null}}},"6":{"name":"(anonymous_6)","decl":{"start":{"line":118,"column":17},"end":{"line":118,"column":23}},"loc":{"start":{"line":118,"column":23},"end":{"line":126,"column":null}}},"7":{"name":"(anonymous_7)","decl":{"start":{"line":158,"column":30},"end":{"line":158,"column":36}},"loc":{"start":{"line":158,"column":36},"end":{"line":164,"column":null}}}},"branchMap":{"0":{"loc":{"start":{"line":25,"column":39},"end":{"line":25,"column":96}},"type":"cond-expr","locations":[{"start":{"line":25,"column":52},"end":{"line":25,"column":90}},{"start":{"line":25,"column":90},"end":{"line":25,"column":96}}]},"1":{"loc":{"start":{"line":27,"column":8},"end":{"line":60,"column":null}},"type":"if","locations":[{"start":{"line":27,"column":8},"end":{"line":60,"column":null}},{"start":{"line":58,"column":15},"end":{"line":60,"column":null}}]},"2":{"loc":{"start":{"line":41,"column":12},"end":{"line":52,"column":null}},"type":"if","locations":[{"start":{"line":41,"column":12},"end":{"line":52,"column":null}},{"start":{},"end":{}}]},"3":{"loc":{"start":{"line":42,"column":14},"end":{"line":48,"column":null}},"type":"binary-expr","locations":[{"start":{"line":42,"column":14},"end":{"line":42,"column":null}},{"start":{"line":43,"column":14},"end":{"line":43,"column":null}},{"start":{"line":44,"column":14},"end":{"line":44,"column":null}},{"start":{"line":45,"column":14},"end":{"line":45,"column":null}},{"start":{"line":46,"column":15},"end":{"line":46,"column":null}},{"start":{"line":47,"column":14},"end":{"line":47,"column":null}},{"start":{"line":48,"column":15},"end":{"line":48,"column":null}}]},"4":{"loc":{"start":{"line":104,"column":47},"end":{"line":104,"column":123}},"type":"cond-expr","locations":[{"start":{"line":104,"column":60},"end":{"line":104,"column":98}},{"start":{"line":104,"column":98},"end":{"line":104,"column":123}}]},"5":{"loc":{"start":{"line":120,"column":44},"end":{"line":120,"column":103}},"type":"cond-expr","locations":[{"start":{"line":120,"column":83},"end":{"line":120,"column":95}},{"start":{"line":120,"column":95},"end":{"line":120,"column":103}}]},"6":{"loc":{"start":{"line":122,"column":44},"end":{"line":122,"column":121}},"type":"cond-expr","locations":[{"start":{"line":122,"column":83},"end":{"line":122,"column":111}},{"start":{"line":122,"column":111},"end":{"line":122,"column":121}}]},"7":{"loc":{"start":{"line":128,"column":26},"end":{"line":128,"column":null}},"type":"binary-expr","locations":[{"start":{"line":128,"column":26},"end":{"line":128,"column":36}},{"start":{"line":128,"column":36},"end":{"line":128,"column":null}}]},"8":{"loc":{"start":{"line":131,"column":2},"end":{"line":142,"column":null}},"type":"if","locations":[{"start":{"line":131,"column":2},"end":{"line":142,"column":null}},{"start":{},"end":{}}]},"9":{"loc":{"start":{"line":160,"column":2},"end":{"line":162,"column":null}},"type":"if","locations":[{"start":{"line":160,"column":2},"end":{"line":162,"column":null}},{"start":{},"end":{}}]}},"s":{"0":1,"1":1,"2":0,"3":0,"4":0,"5":0,"6":0,"7":0,"8":0,"9":0,"10":0,"11":0,"12":0,"13":0,"14":0,"15":0,"16":0,"17":0,"18":0,"19":0,"20":0,"21":0,"22":0,"23":0,"24":0,"25":0,"26":0,"27":0,"28":0,"29":0,"30":0,"31":0,"32":0,"33":0,"34":0,"35":0,"36":0,"37":0,"38":0,"39":0,"40":0,"41":0,"42":0,"43":0,"44":0,"45":0,"46":0,"47":0,"48":0,"49":0,"50":0,"51":0,"52":0,"53":0,"54":0,"55":0,"56":0,"57":0,"58":0,"59":0,"60":0,"61":0,"62":0,"63":0,"64":0,"65":0,"66":0,"67":0,"68":0,"69":0,"70":0,"71":0,"72":0,"73":0,"74":1,"75":0,"76":0,"77":0,"78":0},"f":{"0":0,"1":0,"2":0,"3":0,"4":0,"5":0,"6":0,"7":0},"b":{"0":[0,0],"1":[0,0],"2":[0,0],"3":[0,0,0,0,0,0,0],"4":[0,0],"5":[0,0],"6":[0,0],"7":[0,0],"8":[0,0],"9":[0,0]}}
,"C:/dev/front-pokedex/src/auth/UseAuth.tsx": {"path":"C:/dev/front-pokedex/src/auth/UseAuth.tsx","statementMap":{"0":{"start":{"line":3,"column":23},"end":{"line":14,"column":null}},"1":{"start":{"line":4,"column":69},"end":{"line":4,"column":null}},"2":{"start":{"line":6,"column":2},"end":{"line":13,"column":null}}},"fnMap":{"0":{"name":"(anonymous_0)","decl":{"start":{"line":3,"column":23},"end":{"line":3,"column":29}},"loc":{"start":{"line":3,"column":29},"end":{"line":14,"column":null}}}},"branchMap":{},"s":{"0":0,"1":0,"2":0},"f":{"0":0},"b":{}}
,"C:/dev/front-pokedex/src/components/Alert/Alert.tsx": {"path":"C:/dev/front-pokedex/src/components/Alert/Alert.tsx","statementMap":{"0":{"start":{"line":5,"column":129},"end":{"line":10,"column":null}},"1":{"start":{"line":14,"column":52},"end":{"line":24,"column":null}},"2":{"start":{"line":15,"column":30},"end":{"line":15,"column":null}},"3":{"start":{"line":17,"column":4},"end":{"line":22,"column":null}}},"fnMap":{"0":{"name":"(anonymous_0)","decl":{"start":{"line":14,"column":52},"end":{"line":14,"column":53}},"loc":{"start":{"line":14,"column":76},"end":{"line":24,"column":null}}}},"branchMap":{},"s":{"0":1,"1":1,"2":5,"3":5},"f":{"0":5},"b":{}}
,"C:/dev/front-pokedex/src/components/LoginModal/LoginModal.tsx": {"path":"C:/dev/front-pokedex/src/components/LoginModal/LoginModal.tsx","statementMap":{"0":{"start":{"line":25,"column":38},"end":{"line":25,"column":null}},"1":{"start":{"line":26,"column":28},"end":{"line":26,"column":null}},"2":{"start":{"line":27,"column":34},"end":{"line":27,"column":null}},"3":{"start":{"line":28,"column":36},"end":{"line":28,"column":null}},"4":{"start":{"line":29,"column":28},"end":{"line":29,"column":null}},"5":{"start":{"line":31,"column":23},"end":{"line":46,"column":null}},"6":{"start":{"line":32,"column":4},"end":{"line":32,"column":null}},"7":{"start":{"line":33,"column":4},"end":{"line":33,"column":null}},"8":{"start":{"line":34,"column":4},"end":{"line":34,"column":null}},"9":{"start":{"line":36,"column":4},"end":{"line":45,"column":null}},"10":{"start":{"line":37,"column":6},"end":{"line":37,"column":null}},"11":{"start":{"line":38,"column":6},"end":{"line":38,"column":null}},"12":{"start":{"line":39,"column":6},"end":{"line":39,"column":null}},"13":{"start":{"line":40,"column":6},"end":{"line":40,"column":null}},"14":{"start":{"line":42,"column":6},"end":{"line":42,"column":null}},"15":{"start":{"line":44,"column":6},"end":{"line":44,"column":null}},"16":{"start":{"line":48,"column":22},"end":{"line":53,"column":null}},"17":{"start":{"line":49,"column":4},"end":{"line":49,"column":null}},"18":{"start":{"line":50,"column":4},"end":{"line":50,"column":null}},"19":{"start":{"line":51,"column":4},"end":{"line":51,"column":null}},"20":{"start":{"line":52,"column":4},"end":{"line":52,"column":null}},"21":{"start":{"line":55,"column":2},"end":{"line":116,"column":null}},"22":{"start":{"line":80,"column":35},"end":{"line":80,"column":null}},"23":{"start":{"line":91,"column":35},"end":{"line":91,"column":null}}},"fnMap":{"0":{"name":"LoginModal","decl":{"start":{"line":24,"column":24},"end":{"line":24,"column":35}},"loc":{"start":{"line":24,"column":65},"end":{"line":118,"column":null}}},"1":{"name":"(anonymous_1)","decl":{"start":{"line":31,"column":23},"end":{"line":31,"column":30}},"loc":{"start":{"line":31,"column":53},"end":{"line":46,"column":null}}},"2":{"name":"(anonymous_2)","decl":{"start":{"line":48,"column":22},"end":{"line":48,"column":28}},"loc":{"start":{"line":48,"column":28},"end":{"line":53,"column":null}}},"3":{"name":"(anonymous_3)","decl":{"start":{"line":80,"column":28},"end":{"line":80,"column":29}},"loc":{"start":{"line":80,"column":35},"end":{"line":80,"column":null}}},"4":{"name":"(anonymous_4)","decl":{"start":{"line":91,"column":28},"end":{"line":91,"column":29}},"loc":{"start":{"line":91,"column":35},"end":{"line":91,"column":null}}}},"branchMap":{"0":{"loc":{"start":{"line":42,"column":15},"end":{"line":42,"column":77}},"type":"cond-expr","locations":[{"start":{"line":42,"column":40},"end":{"line":42,"column":56}},{"start":{"line":42,"column":56},"end":{"line":42,"column":77}}]},"1":{"loc":{"start":{"line":69,"column":15},"end":{"line":73,"column":null}},"type":"binary-expr","locations":[{"start":{"line":69,"column":15},"end":{"line":69,"column":null}},{"start":{"line":70,"column":16},"end":{"line":73,"column":null}}]}},"s":{"0":37,"1":37,"2":37,"3":37,"4":37,"5":37,"6":4,"7":4,"8":4,"9":4,"10":4,"11":2,"12":2,"13":2,"14":2,"15":4,"16":37,"17":4,"18":4,"19":4,"20":4,"21":37,"22":4,"23":4},"f":{"0":37,"1":4,"2":4,"3":4,"4":4},"b":{"0":[2,0],"1":[37,2]}}
,"C:/dev/front-pokedex/src/components/MenuBar/MenuBar.tsx": {"path":"C:/dev/front-pokedex/src/components/MenuBar/MenuBar.tsx","statementMap":{"0":{"start":{"line":19,"column":26},"end":{"line":91,"column":null}},"1":{"start":{"line":20,"column":64},"end":{"line":20,"column":null}},"2":{"start":{"line":22,"column":24},"end":{"line":24,"column":null}},"3":{"start":{"line":23,"column":8},"end":{"line":23,"column":null}},"4":{"start":{"line":26,"column":25},"end":{"line":28,"column":null}},"5":{"start":{"line":27,"column":8},"end":{"line":27,"column":null}},"6":{"start":{"line":30,"column":4},"end":{"line":30,"column":null}},"7":{"start":{"line":32,"column":4},"end":{"line":89,"column":null}}},"fnMap":{"0":{"name":"(anonymous_0)","decl":{"start":{"line":19,"column":26},"end":{"line":19,"column":32}},"loc":{"start":{"line":19,"column":32},"end":{"line":91,"column":null}}},"1":{"name":"(anonymous_1)","decl":{"start":{"line":22,"column":24},"end":{"line":22,"column":31}},"loc":{"start":{"line":22,"column":104},"end":{"line":24,"column":null}}},"2":{"name":"(anonymous_2)","decl":{"start":{"line":26,"column":25},"end":{"line":26,"column":31}},"loc":{"start":{"line":26,"column":31},"end":{"line":28,"column":null}}}},"branchMap":{"0":{"loc":{"start":{"line":59,"column":17},"end":{"line":86,"column":null}},"type":"cond-expr","locations":[{"start":{"line":60,"column":20},"end":{"line":60,"column":null}},{"start":{"line":61,"column":20},"end":{"line":86,"column":null}}]},"1":{"loc":{"start":{"line":61,"column":20},"end":{"line":86,"column":null}},"type":"cond-expr","locations":[{"start":{"line":63,"column":20},"end":{"line":81,"column":null}},{"start":{"line":84,"column":20},"end":{"line":86,"column":null}}]},"2":{"loc":{"start":{"line":61,"column":20},"end":{"line":61,"column":null}},"type":"binary-expr","locations":[{"start":{"line":61,"column":20},"end":{"line":61,"column":39}},{"start":{"line":61,"column":39},"end":{"line":61,"column":null}}]},"3":{"loc":{"start":{"line":66,"column":56},"end":{"line":66,"column":85}},"type":"binary-expr","locations":[{"start":{"line":66,"column":56},"end":{"line":66,"column":73}},{"start":{"line":66,"column":73},"end":{"line":66,"column":85}}]},"4":{"loc":{"start":{"line":67,"column":39},"end":{"line":67,"column":67}},"type":"binary-expr","locations":[{"start":{"line":67,"column":39},"end":{"line":67,"column":56}},{"start":{"line":67,"column":56},"end":{"line":67,"column":67}}]}},"s":{"0":1,"1":6,"2":6,"3":0,"4":6,"5":1,"6":6,"7":6},"f":{"0":6,"1":0,"2":1},"b":{"0":[1,5],"1":[3,2],"2":[5,3],"3":[3,0],"4":[3,0]}}
,"C:/dev/front-pokedex/src/components/PokemonCard/PokemonCard.tsx": {"path":"C:/dev/front-pokedex/src/components/PokemonCard/PokemonCard.tsx","statementMap":{"0":{"start":{"line":7,"column":30},"end":{"line":23,"column":null}},"1":{"start":{"line":27,"column":14},"end":{"line":27,"column":null}},"2":{"start":{"line":28,"column":12},"end":{"line":28,"column":null}},"3":{"start":{"line":29,"column":12},"end":{"line":29,"column":null}},"4":{"start":{"line":30,"column":12},"end":{"line":30,"column":null}},"5":{"start":{"line":31,"column":2},"end":{"line":31,"column":null}},"6":{"start":{"line":35,"column":48},"end":{"line":224,"column":null}},"7":{"start":{"line":36,"column":24},"end":{"line":36,"column":null}},"8":{"start":{"line":37,"column":31},"end":{"line":37,"column":null}},"9":{"start":{"line":38,"column":30},"end":{"line":38,"column":null}},"10":{"start":{"line":39,"column":25},"end":{"line":39,"column":null}},"11":{"start":{"line":40,"column":27},"end":{"line":40,"column":null}},"12":{"start":{"line":41,"column":23},"end":{"line":41,"column":null}},"13":{"start":{"line":44,"column":20},"end":{"line":44,"column":null}},"14":{"start":{"line":45,"column":21},"end":{"line":45,"column":null}},"15":{"start":{"line":46,"column":19},"end":{"line":46,"column":null}},"16":{"start":{"line":49,"column":23},"end":{"line":55,"column":null}},"17":{"start":{"line":57,"column":24},"end":{"line":63,"column":null}},"18":{"start":{"line":66,"column":4},"end":{"line":123,"column":null}},"19":{"start":{"line":67,"column":21},"end":{"line":67,"column":null}},"20":{"start":{"line":69,"column":32},"end":{"line":102,"column":null}},"21":{"start":{"line":70,"column":21},"end":{"line":70,"column":null}},"22":{"start":{"line":71,"column":18},"end":{"line":71,"column":null}},"23":{"start":{"line":72,"column":18},"end":{"line":72,"column":null}},"24":{"start":{"line":73,"column":24},"end":{"line":73,"column":null}},"25":{"start":{"line":74,"column":24},"end":{"line":74,"column":null}},"26":{"start":{"line":76,"column":24},"end":{"line":76,"column":null}},"27":{"start":{"line":77,"column":14},"end":{"line":77,"column":null}},"28":{"start":{"line":79,"column":8},"end":{"line":87,"column":null}},"29":{"start":{"line":89,"column":8},"end":{"line":94,"column":null}},"30":{"start":{"line":96,"column":8},"end":{"line":101,"column":null}},"31":{"start":{"line":104,"column":33},"end":{"line":114,"column":null}},"32":{"start":{"line":105,"column":8},"end":{"line":113,"column":null}},"33":{"start":{"line":116,"column":8},"end":{"line":116,"column":null}},"34":{"start":{"line":117,"column":8},"end":{"line":117,"column":null}},"35":{"start":{"line":119,"column":8},"end":{"line":122,"column":null}},"36":{"start":{"line":120,"column":8},"end":{"line":120,"column":null}},"37":{"start":{"line":121,"column":8},"end":{"line":121,"column":null}},"38":{"start":{"line":128,"column":4},"end":{"line":216,"column":null}},"39":{"start":{"line":208,"column":32},"end":{"line":210,"column":null}}},"fnMap":{"0":{"name":"darkenColor","decl":{"start":{"line":26,"column":9},"end":{"line":26,"column":21}},"loc":{"start":{"line":26,"column":59},"end":{"line":32,"column":null}}},"1":{"name":"(anonymous_1)","decl":{"start":{"line":35,"column":48},"end":{"line":35,"column":49}},"loc":{"start":{"line":35,"column":78},"end":{"line":224,"column":null}}},"2":{"name":"(anonymous_2)","decl":{"start":{"line":66,"column":14},"end":{"line":66,"column":20}},"loc":{"start":{"line":66,"column":20},"end":{"line":123,"column":7}}},"3":{"name":"(anonymous_3)","decl":{"start":{"line":69,"column":32},"end":{"line":69,"column":33}},"loc":{"start":{"line":69,"column":51},"end":{"line":102,"column":null}}},"4":{"name":"(anonymous_4)","decl":{"start":{"line":104,"column":33},"end":{"line":104,"column":39}},"loc":{"start":{"line":104,"column":39},"end":{"line":114,"column":null}}},"5":{"name":"(anonymous_5)","decl":{"start":{"line":119,"column":15},"end":{"line":119,"column":21}},"loc":{"start":{"line":119,"column":21},"end":{"line":122,"column":null}}},"6":{"name":"(anonymous_6)","decl":{"start":{"line":207,"column":38},"end":{"line":207,"column":39}},"loc":{"start":{"line":208,"column":32},"end":{"line":210,"column":null}}}},"branchMap":{"0":{"loc":{"start":{"line":37,"column":31},"end":{"line":37,"column":null}},"type":"binary-expr","locations":[{"start":{"line":37,"column":31},"end":{"line":37,"column":89}},{"start":{"line":37,"column":89},"end":{"line":37,"column":null}}]}},"s":{"0":2,"1":6,"2":6,"3":6,"4":6,"5":6,"6":2,"7":6,"8":6,"9":6,"10":6,"11":6,"12":6,"13":6,"14":6,"15":6,"16":6,"17":6,"18":6,"19":6,"20":6,"21":0,"22":0,"23":0,"24":0,"25":0,"26":0,"27":0,"28":0,"29":0,"30":0,"31":6,"32":0,"33":6,"34":6,"35":6,"36":6,"37":6,"38":6,"39":7},"f":{"0":6,"1":6,"2":6,"3":0,"4":0,"5":6,"6":7},"b":{"0":[6,0]}}
,"C:/dev/front-pokedex/src/components/PokemonList/PokemonList.tsx": {"path":"C:/dev/front-pokedex/src/components/PokemonList/PokemonList.tsx","statementMap":{"0":{"start":{"line":9,"column":0},"end":{"line":9,"column":null}},"1":{"start":{"line":10,"column":37},"end":{"line":10,"column":null}},"2":{"start":{"line":12,"column":20},"end":{"line":108,"column":null}},"3":{"start":{"line":13,"column":27},"end":{"line":13,"column":null}},"4":{"start":{"line":14,"column":28},"end":{"line":14,"column":null}},"5":{"start":{"line":16,"column":2},"end":{"line":52,"column":null}},"6":{"start":{"line":17,"column":14},"end":{"line":47,"column":null}},"7":{"start":{"line":18,"column":18},"end":{"line":18,"column":null}},"8":{"start":{"line":20,"column":4},"end":{"line":25,"column":null}},"9":{"start":{"line":25,"column":6},"end":{"line":25,"column":null}},"10":{"start":{"line":28,"column":6},"end":{"line":29,"column":null}},"11":{"start":{"line":31,"column":4},"end":{"line":42,"column":null}},"12":{"start":{"line":40,"column":19},"end":{"line":40,"column":null}},"13":{"start":{"line":49,"column":3},"end":{"line":51,"column":null}},"14":{"start":{"line":50,"column":4},"end":{"line":50,"column":null}},"15":{"start":{"line":55,"column":2},"end":{"line":106,"column":null}},"16":{"start":{"line":67,"column":10},"end":{"line":103,"column":null}}},"fnMap":{"0":{"name":"(anonymous_0)","decl":{"start":{"line":12,"column":20},"end":{"line":12,"column":26}},"loc":{"start":{"line":12,"column":26},"end":{"line":108,"column":null}}},"1":{"name":"(anonymous_1)","decl":{"start":{"line":16,"column":12},"end":{"line":16,"column":18}},"loc":{"start":{"line":16,"column":18},"end":{"line":52,"column":3}}},"2":{"name":"(anonymous_2)","decl":{"start":{"line":17,"column":27},"end":{"line":17,"column":33}},"loc":{"start":{"line":17,"column":33},"end":{"line":47,"column":5}}},"3":{"name":"(anonymous_3)","decl":{"start":{"line":40,"column":13},"end":{"line":40,"column":19}},"loc":{"start":{"line":40,"column":19},"end":{"line":40,"column":null}}},"4":{"name":"(anonymous_4)","decl":{"start":{"line":49,"column":10},"end":{"line":49,"column":16}},"loc":{"start":{"line":49,"column":16},"end":{"line":51,"column":null}}},"5":{"name":"(anonymous_5)","decl":{"start":{"line":66,"column":22},"end":{"line":66,"column":23}},"loc":{"start":{"line":67,"column":10},"end":{"line":103,"column":null}}}},"branchMap":{"0":{"loc":{"start":{"line":20,"column":4},"end":{"line":25,"column":null}},"type":"if","locations":[{"start":{"line":20,"column":4},"end":{"line":25,"column":null}},{"start":{},"end":{}}]},"1":{"loc":{"start":{"line":21,"column":6},"end":{"line":23,"column":null}},"type":"binary-expr","locations":[{"start":{"line":21,"column":6},"end":{"line":21,"column":null}},{"start":{"line":22,"column":6},"end":{"line":22,"column":null}},{"start":{"line":23,"column":6},"end":{"line":23,"column":null}}]}},"s":{"0":1,"1":1,"2":1,"3":0,"4":0,"5":0,"6":0,"7":0,"8":0,"9":0,"10":0,"11":0,"12":0,"13":0,"14":0,"15":0,"16":0},"f":{"0":0,"1":0,"2":0,"3":0,"4":0,"5":0},"b":{"0":[0,0],"1":[0,0,0]}}
,"C:/dev/front-pokedex/src/mocks/browser.ts": {"path":"C:/dev/front-pokedex/src/mocks/browser.ts","statementMap":{"0":{"start":{"line":4,"column":22},"end":{"line":4,"column":null}}},"fnMap":{},"branchMap":{},"s":{"0":0},"f":{},"b":{}}
,"C:/dev/front-pokedex/src/mocks/handler.ts": {"path":"C:/dev/front-pokedex/src/mocks/handler.ts","statementMap":{"0":{"start":{"line":4,"column":24},"end":{"line":24,"column":null}},"1":{"start":{"line":8,"column":5},"end":{"line":8,"column":null}},"2":{"start":{"line":9,"column":5},"end":{"line":9,"column":null}},"3":{"start":{"line":10,"column":5},"end":{"line":10,"column":null}},"4":{"start":{"line":15,"column":19},"end":{"line":15,"column":null}},"5":{"start":{"line":16,"column":4},"end":{"line":16,"column":null}},"6":{"start":{"line":17,"column":20},"end":{"line":17,"column":null}},"7":{"start":{"line":17,"column":51},"end":{"line":17,"column":70}},"8":{"start":{"line":18,"column":4},"end":{"line":20,"column":null}},"9":{"start":{"line":19,"column":6},"end":{"line":19,"column":null}},"10":{"start":{"line":21,"column":4},"end":{"line":21,"column":null}}},"fnMap":{"0":{"name":"(anonymous_0)","decl":{"start":{"line":7,"column":47},"end":{"line":7,"column":53}},"loc":{"start":{"line":7,"column":53},"end":{"line":11,"column":4}}},"1":{"name":"(anonymous_1)","decl":{"start":{"line":14,"column":49},"end":{"line":14,"column":50}},"loc":{"start":{"line":14,"column":62},"end":{"line":22,"column":3}}},"2":{"name":"(anonymous_2)","decl":{"start":{"line":17,"column":46},"end":{"line":17,"column":51}},"loc":{"start":{"line":17,"column":51},"end":{"line":17,"column":70}}}},"branchMap":{"0":{"loc":{"start":{"line":18,"column":4},"end":{"line":20,"column":null}},"type":"if","locations":[{"start":{"line":18,"column":4},"end":{"line":20,"column":null}},{"start":{},"end":{}}]}},"s":{"0":4,"1":0,"2":0,"3":0,"4":0,"5":0,"6":0,"7":0,"8":0,"9":0,"10":0},"f":{"0":0,"1":0,"2":0},"b":{"0":[0,0]}}
,"C:/dev/front-pokedex/src/mocks/server.ts": {"path":"C:/dev/front-pokedex/src/mocks/server.ts","statementMap":{"0":{"start":{"line":4,"column":22},"end":{"line":4,"column":null}}},"fnMap":{},"branchMap":{},"s":{"0":4},"f":{},"b":{}}
,"C:/dev/front-pokedex/src/pages/App.tsx": {"path":"C:/dev/front-pokedex/src/pages/App.tsx","statementMap":{"0":{"start":{"line":12,"column":16},"end":{"line":12,"column":null}},"1":{"start":{"line":14,"column":2},"end":{"line":24,"column":null}},"2":{"start":{"line":15,"column":17},"end":{"line":21,"column":null}},"3":{"start":{"line":23,"column":4},"end":{"line":23,"column":null}},"4":{"start":{"line":23,"column":19},"end":{"line":23,"column":32}},"5":{"start":{"line":26,"column":2},"end":{"line":89,"column":null}}},"fnMap":{"0":{"name":"App","decl":{"start":{"line":11,"column":9},"end":{"line":11,"column":15}},"loc":{"start":{"line":11,"column":15},"end":{"line":91,"column":null}}},"1":{"name":"(anonymous_1)","decl":{"start":{"line":14,"column":12},"end":{"line":14,"column":18}},"loc":{"start":{"line":14,"column":18},"end":{"line":24,"column":5}}},"2":{"name":"(anonymous_2)","decl":{"start":{"line":23,"column":11},"end":{"line":23,"column":17}},"loc":{"start":{"line":23,"column":17},"end":{"line":23,"column":null}}}},"branchMap":{},"s":{"0":0,"1":0,"2":0,"3":0,"4":0,"5":0},"f":{"0":0,"1":0,"2":0},"b":{}}
,"C:/dev/front-pokedex/src/pages/Favorites.tsx": {"path":"C:/dev/front-pokedex/src/pages/Favorites.tsx","statementMap":{"0":{"start":{"line":19,"column":26},"end":{"line":19,"column":null}},"1":{"start":{"line":20,"column":28},"end":{"line":20,"column":null}},"2":{"start":{"line":21,"column":38},"end":{"line":21,"column":null}},"3":{"start":{"line":22,"column":24},"end":{"line":22,"column":null}},"4":{"start":{"line":23,"column":16},"end":{"line":23,"column":null}},"5":{"start":{"line":30,"column":6},"end":{"line":36,"column":null}},"6":{"start":{"line":32,"column":19},"end":{"line":32,"column":null}},"7":{"start":{"line":38,"column":21},"end":{"line":38,"column":null}},"8":{"start":{"line":40,"column":2},"end":{"line":53,"column":null}},"9":{"start":{"line":41,"column":4},"end":{"line":52,"column":null}},"10":{"start":{"line":42,"column":6},"end":{"line":48,"column":null}},"11":{"start":{"line":49,"column":6},"end":{"line":49,"column":null}},"12":{"start":{"line":50,"column":4},"end":{"line":52,"column":null}},"13":{"start":{"line":51,"column":6},"end":{"line":51,"column":null}},"14":{"start":{"line":55,"column":2},"end":{"line":148,"column":null}},"15":{"start":{"line":85,"column":16},"end":{"line":91,"column":null}},"16":{"start":{"line":111,"column":31},"end":{"line":111,"column":null}},"17":{"start":{"line":113,"column":16},"end":{"line":126,"column":null}},"18":{"start":{"line":114,"column":18},"end":{"line":125,"column":null}},"19":{"start":{"line":115,"column":20},"end":{"line":115,"column":null}},"20":{"start":{"line":116,"column":20},"end":{"line":116,"column":null}},"21":{"start":{"line":118,"column":20},"end":{"line":124,"column":null}},"22":{"start":{"line":133,"column":29},"end":{"line":133,"column":null}},"23":{"start":{"line":133,"column":44},"end":{"line":133,"column":62}},"24":{"start":{"line":142,"column":29},"end":{"line":142,"column":null}},"25":{"start":{"line":142,"column":44},"end":{"line":142,"column":71}}},"fnMap":{"0":{"name":"FavoritesPage","decl":{"start":{"line":18,"column":24},"end":{"line":18,"column":40}},"loc":{"start":{"line":18,"column":40},"end":{"line":150,"column":null}}},"1":{"name":"(anonymous_1)","decl":{"start":{"line":32,"column":13},"end":{"line":32,"column":19}},"loc":{"start":{"line":32,"column":19},"end":{"line":32,"column":null}}},"2":{"name":"(anonymous_2)","decl":{"start":{"line":40,"column":12},"end":{"line":40,"column":18}},"loc":{"start":{"line":40,"column":18},"end":{"line":53,"column":5}}},"3":{"name":"(anonymous_3)","decl":{"start":{"line":84,"column":24},"end":{"line":84,"column":25}},"loc":{"start":{"line":85,"column":16},"end":{"line":91,"column":null}}},"4":{"name":"(anonymous_4)","decl":{"start":{"line":111,"column":24},"end":{"line":111,"column":25}},"loc":{"start":{"line":111,"column":31},"end":{"line":111,"column":null}}},"5":{"name":"(anonymous_5)","decl":{"start":{"line":112,"column":25},"end":{"line":112,"column":26}},"loc":{"start":{"line":112,"column":32},"end":{"line":127,"column":null}}},"6":{"name":"(anonymous_6)","decl":{"start":{"line":133,"column":23},"end":{"line":133,"column":29}},"loc":{"start":{"line":133,"column":29},"end":{"line":133,"column":null}}},"7":{"name":"(anonymous_7)","decl":{"start":{"line":133,"column":37},"end":{"line":133,"column":38}},"loc":{"start":{"line":133,"column":44},"end":{"line":133,"column":62}}},"8":{"name":"(anonymous_8)","decl":{"start":{"line":142,"column":23},"end":{"line":142,"column":29}},"loc":{"start":{"line":142,"column":29},"end":{"line":142,"column":null}}},"9":{"name":"(anonymous_9)","decl":{"start":{"line":142,"column":37},"end":{"line":142,"column":38}},"loc":{"start":{"line":142,"column":44},"end":{"line":142,"column":71}}}},"branchMap":{"0":{"loc":{"start":{"line":38,"column":21},"end":{"line":38,"column":null}},"type":"binary-expr","locations":[{"start":{"line":38,"column":21},"end":{"line":38,"column":41}},{"start":{"line":38,"column":41},"end":{"line":38,"column":null}}]},"1":{"loc":{"start":{"line":41,"column":4},"end":{"line":52,"column":null}},"type":"if","locations":[{"start":{"line":41,"column":4},"end":{"line":52,"column":null}},{"start":{"line":50,"column":4},"end":{"line":52,"column":null}}]},"2":{"loc":{"start":{"line":50,"column":4},"end":{"line":52,"column":null}},"type":"if","locations":[{"start":{"line":50,"column":4},"end":{"line":52,"column":null}},{"start":{},"end":{}}]},"3":{"loc":{"start":{"line":66,"column":7},"end":{"line":146,"column":null}},"type":"cond-expr","locations":[{"start":{"line":67,"column":8},"end":{"line":69,"column":null}},{"start":{"line":71,"column":8},"end":{"line":146,"column":null}}]},"4":{"loc":{"start":{"line":72,"column":11},"end":{"line":93,"column":null}},"type":"cond-expr","locations":[{"start":{"line":73,"column":12},"end":{"line":75,"column":null}},{"start":{"line":77,"column":12},"end":{"line":93,"column":null}}]},"5":{"loc":{"start":{"line":96,"column":11},"end":{"line":99,"column":null}},"type":"binary-expr","locations":[{"start":{"line":96,"column":11},"end":{"line":96,"column":null}},{"start":{"line":97,"column":12},"end":{"line":99,"column":null}}]},"6":{"loc":{"start":{"line":113,"column":16},"end":{"line":126,"column":null}},"type":"if","locations":[{"start":{"line":113,"column":16},"end":{"line":126,"column":null}},{"start":{},"end":{}}]},"7":{"loc":{"start":{"line":114,"column":18},"end":{"line":125,"column":null}},"type":"if","locations":[{"start":{"line":114,"column":18},"end":{"line":125,"column":null}},{"start":{"line":117,"column":25},"end":{"line":125,"column":null}}]},"8":{"loc":{"start":{"line":114,"column":22},"end":{"line":114,"column":59}},"type":"binary-expr","locations":[{"start":{"line":114,"column":22},"end":{"line":114,"column":40}},{"start":{"line":114,"column":40},"end":{"line":114,"column":59}}]}},"s":{"0":0,"1":0,"2":0,"3":0,"4":0,"5":0,"6":0,"7":0,"8":0,"9":0,"10":0,"11":0,"12":0,"13":0,"14":0,"15":0,"16":0,"17":0,"18":0,"19":0,"20":0,"21":0,"22":0,"23":0,"24":0,"25":0},"f":{"0":0,"1":0,"2":0,"3":0,"4":0,"5":0,"6":0,"7":0,"8":0,"9":0},"b":{"0":[0,0],"1":[0,0],"2":[0,0],"3":[0,0],"4":[0,0],"5":[0,0],"6":[0,0],"7":[0,0],"8":[0,0]}}
,"C:/dev/front-pokedex/src/pages/Pokedex.tsx": {"path":"C:/dev/front-pokedex/src/pages/Pokedex.tsx","statementMap":{"0":{"start":{"line":23,"column":26},"end":{"line":23,"column":null}},"1":{"start":{"line":24,"column":28},"end":{"line":24,"column":null}},"2":{"start":{"line":25,"column":38},"end":{"line":25,"column":null}},"3":{"start":{"line":26,"column":24},"end":{"line":26,"column":null}},"4":{"start":{"line":27,"column":16},"end":{"line":27,"column":null}},"5":{"start":{"line":29,"column":38},"end":{"line":29,"column":null}},"6":{"start":{"line":30,"column":40},"end":{"line":30,"column":null}},"7":{"start":{"line":32,"column":29},"end":{"line":34,"column":null}},"8":{"start":{"line":33,"column":5},"end":{"line":33,"column":null}},"9":{"start":{"line":36,"column":32},"end":{"line":41,"column":null}},"10":{"start":{"line":37,"column":4},"end":{"line":40,"column":null}},"11":{"start":{"line":38,"column":6},"end":{"line":38,"column":null}},"12":{"start":{"line":39,"column":6},"end":{"line":39,"column":null}},"13":{"start":{"line":51,"column":4},"end":{"line":64,"column":null}},"14":{"start":{"line":56,"column":4},"end":{"line":58,"column":null}},"15":{"start":{"line":57,"column":6},"end":{"line":57,"column":null}},"16":{"start":{"line":59,"column":4},"end":{"line":59,"column":null}},"17":{"start":{"line":67,"column":21},"end":{"line":67,"column":null}},"18":{"start":{"line":69,"column":2},"end":{"line":82,"column":null}},"19":{"start":{"line":70,"column":4},"end":{"line":81,"column":null}},"20":{"start":{"line":71,"column":6},"end":{"line":77,"column":null}},"21":{"start":{"line":78,"column":6},"end":{"line":78,"column":null}},"22":{"start":{"line":79,"column":4},"end":{"line":81,"column":null}},"23":{"start":{"line":80,"column":6},"end":{"line":80,"column":null}},"24":{"start":{"line":84,"column":2},"end":{"line":175,"column":null}},"25":{"start":{"line":112,"column":16},"end":{"line":118,"column":null}},"26":{"start":{"line":137,"column":33},"end":{"line":137,"column":null}},"27":{"start":{"line":139,"column":18},"end":{"line":152,"column":null}},"28":{"start":{"line":140,"column":20},"end":{"line":151,"column":null}},"29":{"start":{"line":141,"column":22},"end":{"line":141,"column":null}},"30":{"start":{"line":142,"column":22},"end":{"line":142,"column":null}},"31":{"start":{"line":144,"column":22},"end":{"line":150,"column":null}},"32":{"start":{"line":159,"column":31},"end":{"line":159,"column":null}},"33":{"start":{"line":159,"column":46},"end":{"line":159,"column":64}},"34":{"start":{"line":168,"column":31},"end":{"line":168,"column":null}},"35":{"start":{"line":168,"column":46},"end":{"line":168,"column":73}}},"fnMap":{"0":{"name":"Pokedex","decl":{"start":{"line":22,"column":24},"end":{"line":22,"column":34}},"loc":{"start":{"line":22,"column":34},"end":{"line":177,"column":null}}},"1":{"name":"(anonymous_1)","decl":{"start":{"line":32,"column":29},"end":{"line":32,"column":30}},"loc":{"start":{"line":32,"column":73},"end":{"line":34,"column":null}}},"2":{"name":"(anonymous_2)","decl":{"start":{"line":36,"column":32},"end":{"line":36,"column":33}},"loc":{"start":{"line":36,"column":78},"end":{"line":41,"column":null}}},"3":{"name":"(anonymous_3)","decl":{"start":{"line":55,"column":11},"end":{"line":55,"column":17}},"loc":{"start":{"line":55,"column":17},"end":{"line":60,"column":null}}},"4":{"name":"(anonymous_4)","decl":{"start":{"line":69,"column":12},"end":{"line":69,"column":18}},"loc":{"start":{"line":69,"column":18},"end":{"line":82,"column":5}}},"5":{"name":"(anonymous_5)","decl":{"start":{"line":111,"column":25},"end":{"line":111,"column":26}},"loc":{"start":{"line":112,"column":16},"end":{"line":118,"column":null}}},"6":{"name":"(anonymous_6)","decl":{"start":{"line":137,"column":26},"end":{"line":137,"column":27}},"loc":{"start":{"line":137,"column":33},"end":{"line":137,"column":null}}},"7":{"name":"(anonymous_7)","decl":{"start":{"line":138,"column":27},"end":{"line":138,"column":28}},"loc":{"start":{"line":138,"column":34},"end":{"line":153,"column":null}}},"8":{"name":"(anonymous_8)","decl":{"start":{"line":159,"column":25},"end":{"line":159,"column":31}},"loc":{"start":{"line":159,"column":31},"end":{"line":159,"column":null}}},"9":{"name":"(anonymous_9)","decl":{"start":{"line":159,"column":39},"end":{"line":159,"column":40}},"loc":{"start":{"line":159,"column":46},"end":{"line":159,"column":64}}},"10":{"name":"(anonymous_10)","decl":{"start":{"line":168,"column":25},"end":{"line":168,"column":31}},"loc":{"start":{"line":168,"column":31},"end":{"line":168,"column":null}}},"11":{"name":"(anonymous_11)","decl":{"start":{"line":168,"column":39},"end":{"line":168,"column":40}},"loc":{"start":{"line":168,"column":46},"end":{"line":168,"column":73}}}},"branchMap":{"0":{"loc":{"start":{"line":37,"column":4},"end":{"line":40,"column":null}},"type":"if","locations":[{"start":{"line":37,"column":4},"end":{"line":40,"column":null}},{"start":{},"end":{}}]},"1":{"loc":{"start":{"line":52,"column":12},"end":{"line":54,"column":null}},"type":"cond-expr","locations":[{"start":{"line":53,"column":6},"end":{"line":53,"column":null}},{"start":{"line":54,"column":6},"end":{"line":54,"column":null}}]},"2":{"loc":{"start":{"line":56,"column":4},"end":{"line":58,"column":null}},"type":"if","locations":[{"start":{"line":56,"column":4},"end":{"line":58,"column":null}},{"start":{},"end":{}}]},"3":{"loc":{"start":{"line":67,"column":21},"end":{"line":67,"column":null}},"type":"binary-expr","locations":[{"start":{"line":67,"column":21},"end":{"line":67,"column":41}},{"start":{"line":67,"column":41},"end":{"line":67,"column":null}}]},"4":{"loc":{"start":{"line":70,"column":4},"end":{"line":81,"column":null}},"type":"if","locations":[{"start":{"line":70,"column":4},"end":{"line":81,"column":null}},{"start":{"line":79,"column":4},"end":{"line":81,"column":null}}]},"5":{"loc":{"start":{"line":79,"column":4},"end":{"line":81,"column":null}},"type":"if","locations":[{"start":{"line":79,"column":4},"end":{"line":81,"column":null}},{"start":{},"end":{}}]},"6":{"loc":{"start":{"line":87,"column":9},"end":{"line":172,"column":null}},"type":"cond-expr","locations":[{"start":{"line":88,"column":10},"end":{"line":90,"column":null}},{"start":{"line":92,"column":10},"end":{"line":172,"column":null}}]},"7":{"loc":{"start":{"line":122,"column":13},"end":{"line":125,"column":null}},"type":"binary-expr","locations":[{"start":{"line":122,"column":13},"end":{"line":122,"column":null}},{"start":{"line":123,"column":14},"end":{"line":125,"column":null}}]},"8":{"loc":{"start":{"line":139,"column":18},"end":{"line":152,"column":null}},"type":"if","locations":[{"start":{"line":139,"column":18},"end":{"line":152,"column":null}},{"start":{},"end":{}}]},"9":{"loc":{"start":{"line":140,"column":20},"end":{"line":151,"column":null}},"type":"if","locations":[{"start":{"line":140,"column":20},"end":{"line":151,"column":null}},{"start":{"line":143,"column":27},"end":{"line":151,"column":null}}]},"10":{"loc":{"start":{"line":140,"column":24},"end":{"line":140,"column":61}},"type":"binary-expr","locations":[{"start":{"line":140,"column":24},"end":{"line":140,"column":42}},{"start":{"line":140,"column":42},"end":{"line":140,"column":61}}]}},"s":{"0":0,"1":0,"2":0,"3":0,"4":0,"5":0,"6":0,"7":0,"8":0,"9":0,"10":0,"11":0,"12":0,"13":0,"14":0,"15":0,"16":0,"17":0,"18":0,"19":0,"20":0,"21":0,"22":0,"23":0,"24":0,"25":0,"26":0,"27":0,"28":0,"29":0,"30":0,"31":0,"32":0,"33":0,"34":0,"35":0},"f":{"0":0,"1":0,"2":0,"3":0,"4":0,"5":0,"6":0,"7":0,"8":0,"9":0,"10":0,"11":0},"b":{"0":[0,0],"1":[0,0],"2":[0,0],"3":[0,0],"4":[0,0],"5":[0,0],"6":[0,0],"7":[0,0],"8":[0,0],"9":[0,0],"10":[0,0]}}
,"C:/dev/front-pokedex/src/pages/PokemonDetails.tsx": {"path":"C:/dev/front-pokedex/src/pages/PokemonDetails.tsx","statementMap":{"0":{"start":{"line":26,"column":17},"end":{"line":26,"column":null}},"1":{"start":{"line":27,"column":30},"end":{"line":27,"column":null}},"2":{"start":{"line":29,"column":2},"end":{"line":34,"column":null}},"3":{"start":{"line":30,"column":4},"end":{"line":31,"column":null}},"4":{"start":{"line":40,"column":8},"end":{"line":45,"column":null}},"5":{"start":{"line":42,"column":19},"end":{"line":42,"column":null}},"6":{"start":{"line":47,"column":2},"end":{"line":53,"column":null}},"7":{"start":{"line":48,"column":4},"end":{"line":51,"column":null}},"8":{"start":{"line":55,"column":2},"end":{"line":61,"column":null}},"9":{"start":{"line":56,"column":4},"end":{"line":59,"column":null}},"10":{"start":{"line":63,"column":21},"end":{"line":63,"column":null}},"11":{"start":{"line":65,"column":31},"end":{"line":72,"column":null}},"12":{"start":{"line":66,"column":4},"end":{"line":70,"column":null}},"13":{"start":{"line":67,"column":6},"end":{"line":67,"column":null}},"14":{"start":{"line":69,"column":6},"end":{"line":69,"column":null}},"15":{"start":{"line":71,"column":4},"end":{"line":71,"column":null}},"16":{"start":{"line":73,"column":2},"end":{"line":119,"column":null}},"17":{"start":{"line":97,"column":18},"end":{"line":97,"column":null}}},"fnMap":{"0":{"name":"PokemonDetailsPage","decl":{"start":{"line":25,"column":24},"end":{"line":25,"column":45}},"loc":{"start":{"line":25,"column":45},"end":{"line":121,"column":null}}},"1":{"name":"(anonymous_1)","decl":{"start":{"line":42,"column":13},"end":{"line":42,"column":19}},"loc":{"start":{"line":42,"column":19},"end":{"line":42,"column":null}}},"2":{"name":"(anonymous_2)","decl":{"start":{"line":65,"column":31},"end":{"line":65,"column":37}},"loc":{"start":{"line":65,"column":37},"end":{"line":72,"column":null}}},"3":{"name":"(anonymous_3)","decl":{"start":{"line":96,"column":32},"end":{"line":96,"column":33}},"loc":{"start":{"line":97,"column":18},"end":{"line":97,"column":null}}}},"branchMap":{"0":{"loc":{"start":{"line":29,"column":2},"end":{"line":34,"column":null}},"type":"if","locations":[{"start":{"line":29,"column":2},"end":{"line":34,"column":null}},{"start":{},"end":{}}]},"1":{"loc":{"start":{"line":47,"column":2},"end":{"line":53,"column":null}},"type":"if","locations":[{"start":{"line":47,"column":2},"end":{"line":53,"column":null}},{"start":{},"end":{}}]},"2":{"loc":{"start":{"line":55,"column":2},"end":{"line":61,"column":null}},"type":"if","locations":[{"start":{"line":55,"column":2},"end":{"line":61,"column":null}},{"start":{},"end":{}}]},"3":{"loc":{"start":{"line":55,"column":6},"end":{"line":55,"column":28}},"type":"binary-expr","locations":[{"start":{"line":55,"column":6},"end":{"line":55,"column":17}},{"start":{"line":55,"column":17},"end":{"line":55,"column":28}}]},"4":{"loc":{"start":{"line":63,"column":21},"end":{"line":63,"column":null}},"type":"binary-expr","locations":[{"start":{"line":63,"column":21},"end":{"line":63,"column":43}},{"start":{"line":63,"column":43},"end":{"line":63,"column":null}}]},"5":{"loc":{"start":{"line":66,"column":4},"end":{"line":70,"column":null}},"type":"if","locations":[{"start":{"line":66,"column":4},"end":{"line":70,"column":null}},{"start":{"line":68,"column":11},"end":{"line":70,"column":null}}]},"6":{"loc":{"start":{"line":71,"column":19},"end":{"line":71,"column":77}},"type":"cond-expr","locations":[{"start":{"line":71,"column":32},"end":{"line":71,"column":56}},{"start":{"line":71,"column":56},"end":{"line":71,"column":77}}]},"7":{"loc":{"start":{"line":80,"column":11},"end":{"line":87,"column":null}},"type":"binary-expr","locations":[{"start":{"line":80,"column":11},"end":{"line":80,"column":null}},{"start":{"line":81,"column":12},"end":{"line":87,"column":null}}]},"8":{"loc":{"start":{"line":86,"column":15},"end":{"line":86,"column":null}},"type":"cond-expr","locations":[{"start":{"line":86,"column":28},"end":{"line":86,"column":52}},{"start":{"line":86,"column":52},"end":{"line":86,"column":null}}]}},"s":{"0":0,"1":0,"2":0,"3":0,"4":0,"5":0,"6":0,"7":0,"8":0,"9":0,"10":0,"11":0,"12":0,"13":0,"14":0,"15":0,"16":0,"17":0},"f":{"0":0,"1":0,"2":0,"3":0},"b":{"0":[0,0],"1":[0,0],"2":[0,0],"3":[0,0],"4":[0,0],"5":[0,0],"6":[0,0],"7":[0,0],"8":[0,0]}}
,"C:/dev/front-pokedex/src/styles/theme.ts": {"path":"C:/dev/front-pokedex/src/styles/theme.ts","statementMap":{"0":{"start":{"line":3,"column":15},"end":{"line":42,"column":null}},"1":{"start":{"line":44,"column":23},"end":{"line":97,"column":null}},"2":{"start":{"line":99,"column":19},"end":{"line":132,"column":null}},"3":{"start":{"line":136,"column":15},"end":{"line":139,"column":null}},"4":{"start":{"line":141,"column":14},"end":{"line":146,"column":null}}},"fnMap":{},"branchMap":{},"s":{"0":0,"1":0,"2":0,"3":0,"4":0},"f":{},"b":{}}
}
